[23:39:40,990] [INFO] GameMsgRecognizer.init --> org.tinygame.herostory.msg.GameMsgProtocol$UserDieResult------12
[23:39:41,005] [INFO] GameMsgRecognizer.init --> org.tinygame.herostory.msg.GameMsgProtocol$UserDieResult------12
[23:39:41,017] [INFO] GameMsgRecognizer.init --> org.tinygame.herostory.msg.GameMsgProtocol$UserSubtractHpResult------11
[23:39:41,018] [INFO] GameMsgRecognizer.init --> org.tinygame.herostory.msg.GameMsgProtocol$UserSubtractHpResult------11
[23:39:41,028] [INFO] GameMsgRecognizer.init --> org.tinygame.herostory.msg.GameMsgProtocol$UserAttkResult------10
[23:39:41,030] [INFO] GameMsgRecognizer.init --> org.tinygame.herostory.msg.GameMsgProtocol$UserAttkResult------10
[23:39:41,047] [INFO] GameMsgRecognizer.init --> org.tinygame.herostory.msg.GameMsgProtocol$UserAttkCmd------9
[23:39:41,048] [INFO] GameMsgRecognizer.init --> org.tinygame.herostory.msg.GameMsgProtocol$UserAttkCmd------9
[23:39:41,055] [INFO] GameMsgRecognizer.init --> org.tinygame.herostory.msg.GameMsgProtocol$UserStopResult------8
[23:39:41,055] [INFO] GameMsgRecognizer.init --> org.tinygame.herostory.msg.GameMsgProtocol$UserStopResult------8
[23:39:41,065] [INFO] GameMsgRecognizer.init --> org.tinygame.herostory.msg.GameMsgProtocol$UserStopCmd------7
[23:39:41,066] [INFO] GameMsgRecognizer.init --> org.tinygame.herostory.msg.GameMsgProtocol$UserStopCmd------7
[23:39:41,072] [INFO] GameMsgRecognizer.init --> org.tinygame.herostory.msg.GameMsgProtocol$UserQuitResult------6
[23:39:41,073] [INFO] GameMsgRecognizer.init --> org.tinygame.herostory.msg.GameMsgProtocol$UserQuitResult------6
[23:39:41,080] [INFO] GameMsgRecognizer.init --> org.tinygame.herostory.msg.GameMsgProtocol$UserMoveToResult------5
[23:39:41,081] [INFO] GameMsgRecognizer.init --> org.tinygame.herostory.msg.GameMsgProtocol$UserMoveToResult------5
[23:39:41,093] [INFO] GameMsgRecognizer.init --> org.tinygame.herostory.msg.GameMsgProtocol$UserMoveToCmd------4
[23:39:41,093] [INFO] GameMsgRecognizer.init --> org.tinygame.herostory.msg.GameMsgProtocol$UserMoveToCmd------4
[23:39:41,112] [INFO] GameMsgRecognizer.init --> org.tinygame.herostory.msg.GameMsgProtocol$WhoElseIsHereResult------3
[23:39:41,113] [INFO] GameMsgRecognizer.init --> org.tinygame.herostory.msg.GameMsgProtocol$WhoElseIsHereResult------3
[23:39:41,117] [INFO] GameMsgRecognizer.init --> org.tinygame.herostory.msg.GameMsgProtocol$WhoElseIsHereCmd------2
[23:39:41,118] [INFO] GameMsgRecognizer.init --> org.tinygame.herostory.msg.GameMsgProtocol$WhoElseIsHereCmd------2
[23:39:41,126] [INFO] GameMsgRecognizer.init --> org.tinygame.herostory.msg.GameMsgProtocol$UserEntryResult------1
[23:39:41,127] [INFO] GameMsgRecognizer.init --> org.tinygame.herostory.msg.GameMsgProtocol$UserEntryResult------1
[23:39:41,135] [INFO] GameMsgRecognizer.init --> org.tinygame.herostory.msg.GameMsgProtocol$UserEntryCmd------0
[23:39:41,136] [INFO] GameMsgRecognizer.init --> org.tinygame.herostory.msg.GameMsgProtocol$UserEntryCmd------0
[23:39:58,676] [INFO] GameMsgRecognizer.init --> org.tinygame.herostory.msg.GameMsgProtocol$UserDieResult------12
[23:42:03,810] [INFO] GameMsgRecognizer.init --> org.tinygame.herostory.msg.GameMsgProtocol$UserDieResult------12
[23:42:03,821] [INFO] GameMsgRecognizer.init --> org.tinygame.herostory.msg.GameMsgProtocol$UserSubtractHpResult------11
[23:42:07,314] [INFO] GameMsgRecognizer.init --> org.tinygame.herostory.msg.GameMsgProtocol$UserSubtractHpResult------11
[23:42:07,321] [INFO] GameMsgRecognizer.init --> org.tinygame.herostory.msg.GameMsgProtocol$UserAttkResult------10
[23:42:11,172] [INFO] GameMsgRecognizer.init --> org.tinygame.herostory.msg.GameMsgProtocol$UserAttkResult------10
[23:42:11,194] [INFO] GameMsgRecognizer.init --> org.tinygame.herostory.msg.GameMsgProtocol$UserAttkCmd------9
[23:42:19,159] [INFO] GameMsgRecognizer.init --> org.tinygame.herostory.msg.GameMsgProtocol$UserAttkCmd------9
[23:42:19,167] [INFO] GameMsgRecognizer.init --> org.tinygame.herostory.msg.GameMsgProtocol$UserStopResult------8
[23:42:20,017] [INFO] GameMsgRecognizer.init --> org.tinygame.herostory.msg.GameMsgProtocol$UserStopResult------8
[23:42:20,026] [INFO] GameMsgRecognizer.init --> org.tinygame.herostory.msg.GameMsgProtocol$UserStopCmd------7
[23:42:20,627] [INFO] GameMsgRecognizer.init --> org.tinygame.herostory.msg.GameMsgProtocol$UserStopCmd------7
[23:42:20,636] [INFO] GameMsgRecognizer.init --> org.tinygame.herostory.msg.GameMsgProtocol$UserQuitResult------6
[23:42:21,561] [INFO] GameMsgRecognizer.init --> org.tinygame.herostory.msg.GameMsgProtocol$UserQuitResult------6
[23:42:21,568] [INFO] GameMsgRecognizer.init --> org.tinygame.herostory.msg.GameMsgProtocol$UserMoveToResult------5
[23:42:22,877] [INFO] GameMsgRecognizer.init --> org.tinygame.herostory.msg.GameMsgProtocol$UserMoveToResult------5
[23:42:22,893] [INFO] GameMsgRecognizer.init --> org.tinygame.herostory.msg.GameMsgProtocol$UserMoveToCmd------4
[23:42:23,563] [INFO] GameMsgRecognizer.init --> org.tinygame.herostory.msg.GameMsgProtocol$UserMoveToCmd------4
[23:42:23,575] [INFO] GameMsgRecognizer.init --> org.tinygame.herostory.msg.GameMsgProtocol$WhoElseIsHereResult------3
[23:42:24,591] [INFO] GameMsgRecognizer.init --> org.tinygame.herostory.msg.GameMsgProtocol$WhoElseIsHereResult------3
[23:42:24,597] [INFO] GameMsgRecognizer.init --> org.tinygame.herostory.msg.GameMsgProtocol$WhoElseIsHereCmd------2
[23:42:25,200] [INFO] GameMsgRecognizer.init --> org.tinygame.herostory.msg.GameMsgProtocol$WhoElseIsHereCmd------2
[23:42:25,211] [INFO] GameMsgRecognizer.init --> org.tinygame.herostory.msg.GameMsgProtocol$UserEntryResult------1
[23:42:25,969] [INFO] GameMsgRecognizer.init --> org.tinygame.herostory.msg.GameMsgProtocol$UserEntryResult------1
[23:42:25,982] [INFO] GameMsgRecognizer.init --> org.tinygame.herostory.msg.GameMsgProtocol$UserEntryCmd------0
[23:42:32,685] [INFO] GameMsgRecognizer.init --> org.tinygame.herostory.msg.GameMsgProtocol$UserEntryCmd------0
[23:48:28,222] [INFO] GameMsgRecognizer.init --> org.tinygame.herostory.msg.GameMsgProtocol$UserDieResult------12
[23:48:28,238] [INFO] GameMsgRecognizer.init --> org.tinygame.herostory.msg.GameMsgProtocol$UserSubtractHpResult------11
[23:48:28,243] [INFO] GameMsgRecognizer.init --> org.tinygame.herostory.msg.GameMsgProtocol$UserAttkResult------10
[23:48:28,256] [INFO] GameMsgRecognizer.init --> org.tinygame.herostory.msg.GameMsgProtocol$UserAttkCmd------9
[23:48:28,265] [INFO] GameMsgRecognizer.init --> org.tinygame.herostory.msg.GameMsgProtocol$UserStopResult------8
[23:48:28,274] [INFO] GameMsgRecognizer.init --> org.tinygame.herostory.msg.GameMsgProtocol$UserStopCmd------7
[23:48:28,307] [INFO] GameMsgRecognizer.init --> org.tinygame.herostory.msg.GameMsgProtocol$UserQuitResult------6
[23:48:28,319] [INFO] GameMsgRecognizer.init --> org.tinygame.herostory.msg.GameMsgProtocol$UserMoveToResult------5
[23:48:28,326] [INFO] GameMsgRecognizer.init --> org.tinygame.herostory.msg.GameMsgProtocol$UserMoveToCmd------4
[23:48:28,340] [INFO] GameMsgRecognizer.init --> org.tinygame.herostory.msg.GameMsgProtocol$WhoElseIsHereResult------3
[23:48:28,346] [INFO] GameMsgRecognizer.init --> org.tinygame.herostory.msg.GameMsgProtocol$WhoElseIsHereCmd------2
[23:48:28,357] [INFO] GameMsgRecognizer.init --> org.tinygame.herostory.msg.GameMsgProtocol$UserEntryResult------1
[23:48:28,364] [INFO] GameMsgRecognizer.init --> org.tinygame.herostory.msg.GameMsgProtocol$UserEntryCmd------0
[23:48:49,934] [INFO] GameMsgRecognizer.init --> -------------------
